Arguments: 
  /usr/local/bin/node /usr/local/bin/yarn add --dev vite-plugin-react-swc @swc/core

PATH: 
  /bin:/usr/bin:/usr/local/bin

Yarn version: 
  1.22.19

Node version: 
  20.19.1

Platform: 
  linux x64

Trace: 
  Error: https://registry.yarnpkg.com/vite-plugin-react-swc: Not found
      at params.callback (/usr/local/lib/node_modules/yarn/dist/yarn.js:56412:18)
      at self.callback (/usr/local/lib/node_modules/yarn/dist/yarn.js:124812:22)
      at Request.emit (node:events:30:11034)
      at Request.eval (/usr/local/lib/node_modules/yarn/dist/yarn.js:125784:10)
      at Request.emit (node:events:30:11034)
      at IncomingMessage.eval (/usr/local/lib/node_modules/yarn/dist/yarn.js:125706:12)
      at Object.onceWrapper (node:events:30:8244)
      at IncomingMessage.emit (node:events:30:11150)
      at endReadableNT (node:internal/streams/readable:230:10631)
      at processTicksAndRejections (node:internal/process/task_queues:196:1067)

npm manifest: 
  {
    "name": "m48-creative-studio",
    "version": "1.0.0",
    "private": true,
    "scripts": {
      "dev": "vite",
      "build": "vite build",
      "preview": "vite preview"
    },
    "dependencies": {
      "@react-three/drei": "^10.1.2",
      "@react-three/fiber": "^9.1.2",
      "@react-three/postprocessing": "^3.0.4",
      "framer-motion": "^12.16.0",
      "react": "^19.1.0",
      "react-dom": "^19.1.0",
      "three": "^0.177.0"
    },
    "devDependencies": {
      "@types/react": "^18.3.0",
      "@types/react-dom": "^18.3.0",
      "@vitejs/plugin-react": "^4.5.1",
      "typescript": "^5.8.3",
      "vite": "^6.3.5"
    }
  }

yarn manifest: 
  No manifest

Lockfile: 
  # THIS IS AN AUTOGENERATED FILE. DO NOT EDIT THIS FILE DIRECTLY.
  # yarn lockfile v1
  
  
  "@ampproject/remapping@^2.2.0":
    version "2.3.0"
    resolved "https://registry.npmjs.org/@ampproject/remapping/-/remapping-2.3.0.tgz"
    integrity sha512-30iZtAPgz+LTIYoeivqYo853f02jBYSd5uGnGpkFV0M3xOt9aN73erkgYAmZU43x4VfqcnLxW9Kpg3R5LC4YYw==
    dependencies:
      "@jridgewell/gen-mapping" "^0.3.5"
      "@jridgewell/trace-mapping" "^0.3.24"
  
  "@babel/code-frame@^7.27.1":
    version "7.27.1"
    resolved "https://registry.npmjs.org/@babel/code-frame/-/code-frame-7.27.1.tgz"
    integrity sha512-cjQ7ZlQ0Mv3b47hABuTevyTuYN4i+loJKGeV9flcCgIK37cCXRh+L1bd3iBHlynerhQ7BhCkn2BPbQUL+rGqFg==
    dependencies:
      "@babel/helper-validator-identifier" "^7.27.1"
      js-tokens "^4.0.0"
      picocolors "^1.1.1"
  
  "@babel/compat-data@^7.27.2":
    version "7.27.5"
    resolved "https://registry.npmjs.org/@babel/compat-data/-/compat-data-7.27.5.tgz"
    integrity sha512-KiRAp/VoJaWkkte84TvUd9qjdbZAdiqyvMxrGl1N6vzFogKmaLgoM3L1kgtLicp2HP5fBJS8JrZKLVIZGVJAVg==
  
  "@babel/core@^7.26.10":
    version "7.27.4"
    resolved "https://registry.npmjs.org/@babel/core/-/core-7.27.4.tgz"
    integrity sha512-bXYxrXFubeYdvB0NhD/NBB3Qi6aZeV20GOWVI47t2dkecCEoneR4NPVcb7abpXDEvejgrUfFtG6vG/zxAKmg+g==
    dependencies:
      "@ampproject/remapping" "^2.2.0"
      "@babel/code-frame" "^7.27.1"
      "@babel/generator" "^7.27.3"
      "@babel/helper-compilation-targets" "^7.27.2"
      "@babel/helper-module-transforms" "^7.27.3"
      "@babel/helpers" "^7.27.4"
      "@babel/parser" "^7.27.4"
      "@babel/template" "^7.27.2"
      "@babel/traverse" "^7.27.4"
      "@babel/types" "^7.27.3"
      convert-source-map "^2.0.0"
      debug "^4.1.0"
      gensync "^1.0.0-beta.2"
      json5 "^2.2.3"
      semver "^6.3.1"
  
  "@babel/generator@^7.27.3":
    version "7.27.5"
    resolved "https://registry.npmjs.org/@babel/generator/-/generator-7.27.5.tgz"
    integrity sha512-ZGhA37l0e/g2s1Cnzdix0O3aLYm66eF8aufiVteOgnwxgnRP8GoyMj7VWsgWnQbVKXyge7hqrFh2K2TQM6t1Hw==
    dependencies:
      "@babel/parser" "^7.27.5"
      "@babel/types" "^7.27.3"
      "@jridgewell/gen-mapping" "^0.3.5"
      "@jridgewell/trace-mapping" "^0.3.25"
      jsesc "^3.0.2"
  
  "@babel/helper-compilation-targets@^7.27.2":
    version "7.27.2"
    resolved "https://registry.npmjs.org/@babel/helper-compilation-targets/-/helper-compilation-targets-7.27.2.tgz"
    integrity sha512-2+1thGUUWWjLTYTHZWK1n8Yga0ijBz1XAhUXcKy81rd5g6yh7hGqMp45v7cadSbEHc9G3OTv45SyneRN3ps4DQ==
    dependencies:
      "@babel/compat-data" "^7.27.2"
      "@babel/helper-validator-option" "^7.27.1"
      browserslist "^4.24.0"
      lru-cache "^5.1.1"
      semver "^6.3.1"
  
  "@babel/helper-module-imports@^7.27.1":
    version "7.27.1"
    resolved "https://registry.npmjs.org/@babel/helper-module-imports/-/helper-module-imports-7.27.1.tgz"
    integrity sha512-0gSFWUPNXNopqtIPQvlD5WgXYI5GY2kP2cCvoT8kczjbfcfuIljTbcWrulD1CIPIX2gt1wghbDy08yE1p+/r3w==
    dependencies:
      "@babel/traverse" "^7.27.1"
      "@babel/types" "^7.27.1"
  
  "@babel/helper-module-transforms@^7.27.3":
    version "7.27.3"
    resolved "https://registry.npmjs.org/@babel/helper-module-transforms/-/helper-module-transforms-7.27.3.tgz"
    integrity sha512-dSOvYwvyLsWBeIRyOeHXp5vPj5l1I011r52FM1+r1jCERv+aFXYk4whgQccYEGYxK2H3ZAIA8nuPkQ0HaUo3qg==
    dependencies:
      "@babel/helper-module-imports" "^7.27.1"
      "@babel/helper-validator-identifier" "^7.27.1"
      "@babel/traverse" "^7.27.3"
  
  "@babel/helper-plugin-utils@^7.27.1":
    version "7.27.1"
    resolved "https://registry.npmjs.org/@babel/helper-plugin-utils/-/helper-plugin-utils-7.27.1.tgz"
    integrity sha512-1gn1Up5YXka3YYAHGKpbideQ5Yjf1tDa9qYcgysz+cNCXukyLl6DjPXhD3VRwSb8c0J9tA4b2+rHEZtc6R0tlw==
  
  "@babel/helper-string-parser@^7.27.1":
    version "7.27.1"
    resolved "https://registry.npmjs.org/@babel/helper-string-parser/-/helper-string-parser-7.27.1.tgz"
    integrity sha512-qMlSxKbpRlAridDExk92nSobyDdpPijUq2DW6oDnUqd0iOGxmQjyqhMIihI9+zv4LPyZdRje2cavWPbCbWm3eA==
  
  "@babel/helper-validator-identifier@^7.27.1":
    version "7.27.1"
    resolved "https://registry.npmjs.org/@babel/helper-validator-identifier/-/helper-validator-identifier-7.27.1.tgz"
    integrity sha512-D2hP9eA+Sqx1kBZgzxZh0y1trbuU+JoDkiEwqhQ36nodYqJwyEIhPSdMNd7lOm/4io72luTPWH20Yda0xOuUow==
  
  "@babel/helper-validator-option@^7.27.1":
    version "7.27.1"
    resolved "https://registry.npmjs.org/@babel/helper-validator-option/-/helper-validator-option-7.27.1.tgz"
    integrity sha512-YvjJow9FxbhFFKDSuFnVCe2WxXk1zWc22fFePVNEaWJEu8IrZVlda6N0uHwzZrUM1il7NC9Mlp4MaJYbYd9JSg==
  
  "@babel/helpers@^7.27.4":
    version "7.27.4"
    resolved "https://registry.npmjs.org/@babel/helpers/-/helpers-7.27.4.tgz"
    integrity sha512-Y+bO6U+I7ZKaM5G5rDUZiYfUvQPUibYmAFe7EnKdnKBbVXDZxvp+MWOH5gYciY0EPk4EScsuFMQBbEfpdRKSCQ==
    dependencies:
      "@babel/template" "^7.27.2"
      "@babel/types" "^7.27.3"
  
  "@babel/parser@^7.1.0", "@babel/parser@^7.20.7", "@babel/parser@^7.27.2", "@babel/parser@^7.27.4", "@babel/parser@^7.27.5":
    version "7.27.5"
    resolved "https://registry.npmjs.org/@babel/parser/-/parser-7.27.5.tgz"
    integrity sha512-OsQd175SxWkGlzbny8J3K8TnnDD0N3lrIUtB92xwyRpzaenGZhxDvxN/JgU00U3CDZNj9tPuDJ5H0WS4Nt3vKg==
    dependencies:
      "@babel/types" "^7.27.3"
  
  "@babel/plugin-transform-react-jsx-self@^7.25.9":
    version "7.27.1"
    resolved "https://registry.npmjs.org/@babel/plugin-transform-react-jsx-self/-/plugin-transform-react-jsx-self-7.27.1.tgz"
    integrity sha512-6UzkCs+ejGdZ5mFFC/OCUrv028ab2fp1znZmCZjAOBKiBK2jXD1O+BPSfX8X2qjJ75fZBMSnQn3Rq2mrBJK2mw==
    dependencies:
      "@babel/helper-plugin-utils" "^7.27.1"
  
  "@babel/plugin-transform-react-jsx-source@^7.25.9":
    version "7.27.1"
    resolved "https://registry.npmjs.org/@babel/plugin-transform-react-jsx-source/-/plugin-transform-react-jsx-source-7.27.1.tgz"
    integrity sha512-zbwoTsBruTeKB9hSq73ha66iFeJHuaFkUbwvqElnygoNbj/jHRsSeokowZFN3CZ64IvEqcmmkVe89OPXc7ldAw==
    dependencies:
      "@babel/helper-plugin-utils" "^7.27.1"
  
  "@babel/runtime@^7.17.8", "@babel/runtime@^7.26.0":
    version "7.27.4"
    resolved "https://registry.npmjs.org/@babel/runtime/-/runtime-7.27.4.tgz"
    integrity sha512-t3yaEOuGu9NlIZ+hIeGbBjFtZT7j2cb2tg0fuaJKeGotchRjjLfrBA9Kwf8quhpP1EUuxModQg04q/mBwyg8uA==
  
  "@babel/template@^7.27.2":
    version "7.27.2"
    resolved "https://registry.npmjs.org/@babel/template/-/template-7.27.2.tgz"
    integrity sha512-LPDZ85aEJyYSd18/DkjNh4/y1ntkE5KwUHWTiqgRxruuZL2F1yuHligVHLvcHY2vMHXttKFpJn6LwfI7cw7ODw==
    dependencies:
      "@babel/code-frame" "^7.27.1"
      "@babel/parser" "^7.27.2"
      "@babel/types" "^7.27.1"
  
  "@babel/traverse@^7.27.1", "@babel/traverse@^7.27.3", "@babel/traverse@^7.27.4":
    version "7.27.4"
    resolved "https://registry.npmjs.org/@babel/traverse/-/traverse-7.27.4.tgz"
    integrity sha512-oNcu2QbHqts9BtOWJosOVJapWjBDSxGCpFvikNR5TGDYDQf3JwpIoMzIKrvfoti93cLfPJEG4tH9SPVeyCGgdA==
    dependencies:
      "@babel/code-frame" "^7.27.1"
      "@babel/generator" "^7.27.3"
      "@babel/parser" "^7.27.4"
      "@babel/template" "^7.27.2"
      "@babel/types" "^7.27.3"
      debug "^4.3.1"
      globals "^11.1.0"
  
  "@babel/types@^7.0.0", "@babel/types@^7.20.7", "@babel/types@^7.27.1", "@babel/types@^7.27.3":
    version "7.27.3"
    resolved "https://registry.npmjs.org/@babel/types/-/types-7.27.3.tgz"
    integrity sha512-Y1GkI4ktrtvmawoSq+4FCVHNryea6uR+qUQy0AGxLSsjCX0nVmkYQMBLHDkXZuo5hGx7eYdnIaslsdBFm7zbUw==
    dependencies:
      "@babel/helper-string-parser" "^7.27.1"
      "@babel/helper-validator-identifier" "^7.27.1"
  
  "@dimforge/rapier3d-compat@~0.12.0":
    version "0.12.0"
    resolved "https://registry.npmjs.org/@dimforge/rapier3d-compat/-/rapier3d-compat-0.12.0.tgz"
    integrity sha512-uekIGetywIgopfD97oDL5PfeezkFpNhwlzlaEYNOA0N6ghdsOvh/HYjSMek5Q2O1PYvRSDFcqFVJl4r4ZBwOow==
  
  "@jridgewell/gen-mapping@^0.3.5":
    version "0.3.5"
    resolved "https://registry.npmjs.org/@jridgewell/gen-mapping/-/gen-mapping-0.3.5.tgz"
    integrity sha512-IzL8ZoEDIBRWEzlCcRhOaCupYyN5gdIK+Q6fbFdPDg6HqX6jpkItn7DFIpW9LQzXG6Df9sA7+OKnq0qlz/GaQg==
    dependencies:
      "@jridgewell/set-array" "^1.2.1"
      "@jridgewell/sourcemap-codec" "^1.4.10"
      "@jridgewell/trace-mapping" "^0.3.24"
  
  "@jridgewell/resolve-uri@^3.1.0":
    version "3.1.2"
    resolved "https://registry.npmjs.org/@jridgewell/resolve-uri/-/resolve-uri-3.1.2.tgz"
    integrity sha512-bRISgCIjP20/tbWSPWMEi54QVPRZExkuD9lJL+UIxUKtwVJA8wW1Trb1jMs1RFXo1CBTNZ/5hpC9QvmKWdopKw==
  
  "@jridgewell/set-array@^1.2.1":
    version "1.2.1"
    resolved "https://registry.npmjs.org/@jridgewell/set-array/-/set-array-1.2.1.tgz"
    integrity sha512-R8gLRTZeyp03ymzP/6Lil/28tGeGEzhx1q2k703KGWRAI1VdvPIXdG70VJc2pAMw3NA6JKL5hhFu1sJX0Mnn/A==
  
  "@jridgewell/sourcemap-codec@^1.4.10", "@jridgewell/sourcemap-codec@^1.4.14":
    version "1.5.0"
    resolved "https://registry.npmjs.org/@jridgewell/sourcemap-codec/-/sourcemap-codec-1.5.0.tgz"
    integrity sha512-gv3ZRaISU3fjPAgNsriBRqGWQL6quFx04YMPW/zD8XMLsU32mhCCbfbO6KZFLjvYpCZ8zyDEgqsgf+PwPaM7GQ==
  
  "@jridgewell/trace-mapping@^0.3.24", "@jridgewell/trace-mapping@^0.3.25":
    version "0.3.25"
    resolved "https://registry.npmjs.org/@jridgewell/trace-mapping/-/trace-mapping-0.3.25.tgz"
    integrity sha512-vNk6aEwybGtawWmy/PzwnGDOjCkLWSD2wqvjGGAgOAwCGWySYXfYoxt00IJkTF+8Lb57DwOb3Aa0o9CApepiYQ==
    dependencies:
      "@jridgewell/resolve-uri" "^3.1.0"
      "@jridgewell/sourcemap-codec" "^1.4.14"
  
  "@mediapipe/tasks-vision@0.10.17":
    version "0.10.17"
    resolved "https://registry.npmjs.org/@mediapipe/tasks-vision/-/tasks-vision-0.10.17.tgz"
    integrity sha512-CZWV/q6TTe8ta61cZXjfnnHsfWIdFhms03M9T7Cnd5y2mdpylJM0rF1qRq+wsQVRMLz1OYPVEBU9ph2Bx8cxrg==
  
  "@monogrid/gainmap-js@^3.0.6":
    version "3.1.0"
    resolved "https://registry.npmjs.org/@monogrid/gainmap-js/-/gainmap-js-3.1.0.tgz"
    integrity sha512-Obb0/gEd/HReTlg8ttaYk+0m62gQJmCblMOjHSMHRrBP2zdfKMHLCRbh/6ex9fSUJMKdjjIEiohwkbGD3wj2Nw==
    dependencies:
      promise-worker-transferable "^1.0.4"
  
  "@react-three/drei@^10.1.2":
    version "10.1.2"
    resolved "https://registry.yarnpkg.com/@react-three/drei/-/drei-10.1.2.tgz#3c41a0b19460aee7604067309cebe737147cf85a"
    integrity sha512-CCcLAqZEvYiUErOcJgGzovY3RH6KgdrqD4ubeAx1nyGbSPLnKR9a8ynYbPdtZhIyiWqGc07z+RYQzpaOfN4ZIA==
    dependencies:
      "@babel/runtime" "^7.26.0"
      "@mediapipe/tasks-vision" "0.10.17"
      "@monogrid/gainmap-js" "^3.0.6"
      "@use-gesture/react" "^10.3.1"
      camera-controls "^2.9.0"
      cross-env "^7.0.3"
      detect-gpu "^5.0.56"
      glsl-noise "^0.0.0"
      hls.js "^1.5.17"
      maath "^0.10.8"
      meshline "^3.3.1"
      stats-gl "^2.2.8"
      stats.js "^0.17.0"
      suspend-react "^0.1.3"
      three-mesh-bvh "^0.8.3"
      three-stdlib "^2.35.6"
      troika-three-text "^0.52.4"
      tunnel-rat "^0.1.2"
      use-sync-external-store "^1.4.0"
      utility-types "^3.11.0"
      zustand "^5.0.1"
  
  "@react-three/fiber@^9.1.2":
    version "9.1.2"
    resolved "https://registry.yarnpkg.com/@react-three/fiber/-/fiber-9.1.2.tgz#c988f3aa916f64771483784ca3bb6ba4b116395e"
    integrity sha512-k8FR9yVHV9kIF3iuOD0ds5hVymXYXfgdKklqziBVod9ZEJ8uk05Zjw29J/omU3IKeUfLNAIHfxneN3TUYM4I2w==
    dependencies:
      "@babel/runtime" "^7.17.8"
      "@types/react-reconciler" "^0.28.9"
      "@types/webxr" "*"
      base64-js "^1.5.1"
      buffer "^6.0.3"
      its-fine "^2.0.0"
      react-reconciler "^0.31.0"
      react-use-measure "^2.1.7"
      scheduler "^0.25.0"
      suspend-react "^0.1.3"
      use-sync-external-store "^1.4.0"
      zustand "^5.0.3"
  
  "@react-three/postprocessing@^3.0.4":
    version "3.0.4"
    resolved "https://registry.yarnpkg.com/@react-three/postprocessing/-/postprocessing-3.0.4.tgz#e2379eb0b953d1cc0c4b8ac94dc76256f4c07062"
    integrity sha512-e4+F5xtudDYvhxx3y0NtWXpZbwvQ0x1zdOXWTbXMK6fFLVDd4qucN90YaaStanZGS4Bd5siQm0lGL/5ogf8iDQ==
    dependencies:
      maath "^0.6.0"
      n8ao "^1.9.4"
      postprocessing "^6.36.6"
  
  "@rolldown/pluginutils@1.0.0-beta.9":
    version "1.0.0-beta.9"
    resolved "https://registry.npmjs.org/@rolldown/pluginutils/-/pluginutils-1.0.0-beta.9.tgz"
    integrity sha512-e9MeMtVWo186sgvFFJOPGy7/d2j2mZhLJIdVW0C/xDluuOvymEATqz6zKsP0ZmXGzQtqlyjz5sC1sYQUoJG98w==
  
  "@tweenjs/tween.js@~23.1.3":
    version "23.1.3"
    resolved "https://registry.npmjs.org/@tweenjs/tween.js/-/tween.js-23.1.3.tgz"
    integrity sha512-vJmvvwFxYuGnF2axRtPYocag6Clbb5YS7kLL+SO/TeVFzHqDIWrNKYtcsPMibjDx9O+bu+psAy9NKfWklassUA==
  
  "@types/babel__core@^7.20.5":
    version "7.20.5"
    resolved "https://registry.npmjs.org/@types/babel__core/-/babel__core-7.20.5.tgz"
    integrity sha512-qoQprZvz5wQFJwMDqeseRXWv3rqMvhgpbXFfVyWhbx9X47POIA6i/+dXefEmZKoAgOaTdaIgNSMqMIU61yRyzA==
    dependencies:
      "@babel/parser" "^7.20.7"
      "@babel/types" "^7.20.7"
      "@types/babel__generator" "*"
      "@types/babel__template" "*"
      "@types/babel__traverse" "*"
  
  "@types/babel__generator@*":
    version "7.6.8"
    resolved "https://registry.npmjs.org/@types/babel__generator/-/babel__generator-7.6.8.tgz"
    integrity sha512-ASsj+tpEDsEiFr1arWrlN6V3mdfjRMZt6LtK/Vp/kreFLnr5QH5+DhvD5nINYZXzwJvXeGq+05iUXcAzVrqWtw==
    dependencies:
      "@babel/types" "^7.0.0"
  
  "@types/babel__template@*":
    version "7.4.4"
    resolved "https://registry.npmjs.org/@types/babel__template/-/babel__template-7.4.4.tgz"
    integrity sha512-h/NUaSyG5EyxBIp8YRxo4RMe2/qQgvyowRwVMzhYhBCONbW8PUsg4lkFMrhgZhUe5z3L3MiLDuvyJ/CaPa2A8A==
    dependencies:
      "@babel/parser" "^7.1.0"
      "@babel/types" "^7.0.0"
  
  "@types/babel__traverse@*":
    version "7.20.6"
    resolved "https://registry.npmjs.org/@types/babel__traverse/-/babel__traverse-7.20.6.tgz"
    integrity sha512-r1bzfrm0tomOI8g1SzvCaQHo6Lcv6zu0EA+W2kHrt8dyrHQxGzBBL4kdkzIS+jBMV+EYcMAEAqXqYaLJq5rOZg==
    dependencies:
      "@babel/types" "^7.20.7"
  
  "@types/draco3d@^1.4.0":
    version "1.4.10"
    resolved "https://registry.npmjs.org/@types/draco3d/-/draco3d-1.4.10.tgz"
    integrity sha512-AX22jp8Y7wwaBgAixaSvkoG4M/+PlAcm3Qs4OW8yT9DM4xUpWKeFhLueTAyZF39pviAdcDdeJoACapiAceqNcw==
  
  "@types/estree@1.0.7":
    version "1.0.7"
    resolved "https://registry.yarnpkg.com/@types/estree/-/estree-1.0.7.tgz#4158d3105276773d5b7695cd4834b1722e4f37a8"
    integrity sha512-w28IoSUCJpidD/TGviZwwMJckNESJZXFu7NBZ5YJ4mEUnNraUn9Pm8HSZm/jDF1pDWYKspWE7oVphigUPRakIQ==
  
  "@types/offscreencanvas@^2019.6.4":
    version "2019.7.3"
    resolved "https://registry.npmjs.org/@types/offscreencanvas/-/offscreencanvas-2019.7.3.tgz"
    integrity sha512-ieXiYmgSRXUDeOntE1InxjWyvEelZGP63M+cGuquuRLuIKKT1osnkXjxev9B7d1nXSug5vpunx+gNlbVxMlC9A==
  
  "@types/prop-types@*":
    version "15.7.13"
    resolved "https://registry.npmjs.org/@types/prop-types/-/prop-types-15.7.13.tgz"
    integrity sha512-hCZTSvwbzWGvhqxp/RqVqwU999pBf2vp7hzIjiYOsl8wqOmUxkQ6ddw1cV3l8811+kdUFus/q4d1Y3E3SyEifA==
  
  "@types/react-dom@^18.3.0":
    version "18.3.0"
    resolved "https://registry.npmjs.org/@types/react-dom/-/react-dom-18.3.0.tgz"
    integrity sha512-EhwApuTmMBmXuFOikhQLIBUn6uFg81SwLMOAUgodJF14SOBOCMdU04gDoYi0WOJJHD144TL32z4yDqCW3dnkQg==
    dependencies:
      "@types/react" "*"
  
  "@types/react-reconciler@^0.28.9":
    version "0.28.9"
    resolved "https://registry.npmjs.org/@types/react-reconciler/-/react-reconciler-0.28.9.tgz"
    integrity sha512-HHM3nxyUZ3zAylX8ZEyrDNd2XZOnQ0D5XfunJF5FLQnZbHHYq4UWvW1QfelQNXv1ICNkwYhfxjwfnqivYB6bFg==
  
  "@types/react@*":
    version "18.3.11"
    resolved "https://registry.npmjs.org/@types/react/-/react-18.3.11.tgz"
    integrity sha512-r6QZ069rFTjrEYgFdOck1gK7FLVsgJE7tTz0pQBczlBNUhBNk0MQH4UbnFSwjpQLMkLzgqvBBa+qGpLje16eTQ==
    dependencies:
      "@types/prop-types" "*"
      csstype "^3.0.2"
  
  "@types/react@^18.3.0":
    version "18.3.23"
    resolved "https://registry.yarnpkg.com/@types/react/-/react-18.3.23.tgz#86ae6f6b95a48c418fecdaccc8069e0fbb63696a"
    integrity sha512-/LDXMQh55EzZQ0uVAZmKKhfENivEvWz6E+EYzh+/MCjMhNsotd+ZHhBGIjFDTi6+fz0OhQQQLbTgdQIxxCsC0w==
    dependencies:
      "@types/prop-types" "*"
      csstype "^3.0.2"
  
  "@types/stats.js@*":
    version "0.17.4"
    resolved "https://registry.npmjs.org/@types/stats.js/-/stats.js-0.17.4.tgz"
    integrity sha512-jIBvWWShCvlBqBNIZt0KAshWpvSjhkwkEu4ZUcASoAvhmrgAUI2t1dXrjSL4xXVLB4FznPrIsX3nKXFl/Dt4vA==
  
  "@types/three@*":
    version "0.177.0"
    resolved "https://registry.npmjs.org/@types/three/-/three-0.177.0.tgz"
    integrity sha512-/ZAkn4OLUijKQySNci47lFO+4JLE1TihEjsGWPUT+4jWqxtwOPPEwJV1C3k5MEx0mcBPCdkFjzRzDOnHEI1R+A==
    dependencies:
      "@dimforge/rapier3d-compat" "~0.12.0"
      "@tweenjs/tween.js" "~23.1.3"
      "@types/stats.js" "*"
      "@types/webxr" "*"
      "@webgpu/types" "*"
      fflate "~0.8.2"
      meshoptimizer "~0.18.1"
  
  "@types/webxr@*", "@types/webxr@^0.5.2":
    version "0.5.22"
    resolved "https://registry.npmjs.org/@types/webxr/-/webxr-0.5.22.tgz"
    integrity sha512-Vr6Stjv5jPRqH690f5I5GLjVk8GSsoQSYJ2FVd/3jJF7KaqfwPi3ehfBS96mlQ2kPCwZaX6U0rG2+NGHBKkA/A==
  
  "@use-gesture/core@10.3.1":
    version "10.3.1"
    resolved "https://registry.npmjs.org/@use-gesture/core/-/core-10.3.1.tgz"
    integrity sha512-WcINiDt8WjqBdUXye25anHiNxPc0VOrlT8F6LLkU6cycrOGUDyY/yyFmsg3k8i5OLvv25llc0QC45GhR/C8llw==
  
  "@use-gesture/react@^10.3.1":
    version "10.3.1"
    resolved "https://registry.npmjs.org/@use-gesture/react/-/react-10.3.1.tgz"
    integrity sha512-Yy19y6O2GJq8f7CHf7L0nxL8bf4PZCPaVOCgJrusOeFHY1LvHgYXnmnXg6N5iwAnbgbZCDjo60SiM6IPJi9C5g==
    dependencies:
      "@use-gesture/core" "10.3.1"
  
  "@vitejs/plugin-react@^4.5.1":
    version "4.5.1"
    resolved "https://registry.yarnpkg.com/@vitejs/plugin-react/-/plugin-react-4.5.1.tgz#19432712467ad3b81f24c85d695a6febf8d4cc11"
    integrity sha512-uPZBqSI0YD4lpkIru6M35sIfylLGTyhGHvDZbNLuMA73lMlwJKz5xweH7FajfcCAc2HnINciejA9qTz0dr0M7A==
    dependencies:
      "@babel/core" "^7.26.10"
      "@babel/plugin-transform-react-jsx-self" "^7.25.9"
      "@babel/plugin-transform-react-jsx-source" "^7.25.9"
      "@rolldown/pluginutils" "1.0.0-beta.9"
      "@types/babel__core" "^7.20.5"
      react-refresh "^0.17.0"
  
  "@webgpu/types@*":
    version "0.1.61"
    resolved "https://registry.npmjs.org/@webgpu/types/-/types-0.1.61.tgz"
    integrity sha512-w2HbBvH+qO19SB5pJOJFKs533CdZqxl3fcGonqL321VHkW7W/iBo6H8bjDy6pr/+pbMwIu5dnuaAxH7NxBqUrQ==
  
  base64-js@^1.3.1, base64-js@^1.5.1:
    version "1.5.1"
    resolved "https://registry.npmjs.org/base64-js/-/base64-js-1.5.1.tgz"
    integrity sha512-AKpaYlHn8t4SVbOHCy+b5+KKgvR4vrsD8vbvrbiQJps7fKDTkjkDry6ji0rUJjC0kzbNePLwzxq8iypo41qeWA==
  
  bidi-js@^1.0.2:
    version "1.0.3"
    resolved "https://registry.npmjs.org/bidi-js/-/bidi-js-1.0.3.tgz"
    integrity sha512-RKshQI1R3YQ+n9YJz2QQ147P66ELpa1FQEg20Dk8oW9t2KgLbpDLLp9aGZ7y8WHSshDknG0bknqGw5/tyCs5tw==
    dependencies:
      require-from-string "^2.0.2"
  
  browserslist@^4.24.0:
    version "4.24.0"
    resolved "https://registry.npmjs.org/browserslist/-/browserslist-4.24.0.tgz"
    integrity sha512-Rmb62sR1Zpjql25eSanFGEhAxcFwfA1K0GuQcLoaJBAcENegrQut3hYdhXFF1obQfiDyqIW/cLM5HSJ/9k884A==
    dependencies:
      caniuse-lite "^1.0.30001663"
      electron-to-chromium "^1.5.28"
      node-releases "^2.0.18"
      update-browserslist-db "^1.1.0"
  
  buffer@^6.0.3:
    version "6.0.3"
    resolved "https://registry.npmjs.org/buffer/-/buffer-6.0.3.tgz"
    integrity sha512-FTiCpNxtwiZZHEZbcbTIcZjERVICn9yq/pDFkTl95/AxzD1naBctN7YO68riM/gLSDY7sdrMby8hofADYuuqOA==
    dependencies:
      base64-js "^1.3.1"
      ieee754 "^1.2.1"
  
  camera-controls@^2.9.0:
    version "2.10.1"
    resolved "https://registry.npmjs.org/camera-controls/-/camera-controls-2.10.1.tgz"
    integrity sha512-KnaKdcvkBJ1Irbrzl8XD6WtZltkRjp869Jx8c0ujs9K+9WD+1D7ryBsCiVqJYUqt6i/HR5FxT7RLASieUD+Q5w==
  
  caniuse-lite@^1.0.30001663:
    version "1.0.30001721"
    resolved "https://registry.npmjs.org/caniuse-lite/-/caniuse-lite-1.0.30001721.tgz"
    integrity sha512-cOuvmUVtKrtEaoKiO0rSc29jcjwMwX5tOHDy4MgVFEWiUXj4uBMJkwI8MDySkgXidpMiHUcviogAvFi4pA2hDQ==
  
  convert-source-map@^2.0.0:
    version "2.0.0"
    resolved "https://registry.npmjs.org/convert-source-map/-/convert-source-map-2.0.0.tgz"
    integrity sha512-Kvp459HrV2FEJ1CAsi1Ku+MY3kasH19TFykTz2xWmMeq6bk2NU3XXvfJ+Q61m0xktWwt+1HSYf3JZsTms3aRJg==
  
  cross-env@^7.0.3:
    version "7.0.3"
    resolved "https://registry.npmjs.org/cross-env/-/cross-env-7.0.3.tgz"
    integrity sha512-+/HKd6EgcQCJGh2PSjZuUitQBQynKor4wrFbRg4DtAgS1aWO+gU52xpH7M9ScGgXSYmAVS9bIJ8EzuaGw0oNAw==
    dependencies:
      cross-spawn "^7.0.1"
  
  cross-spawn@^7.0.1:
    version "7.0.3"
    resolved "https://registry.npmjs.org/cross-spawn/-/cross-spawn-7.0.3.tgz"
    integrity sha512-iRDPJKUPVEND7dHPO8rkbOnPpyDygcDFtWjpeWNCgy8WP2rXcxXL8TskReQl6OrB2G7+UJrags1q15Fudc7G6w==
    dependencies:
      path-key "^3.1.0"
      shebang-command "^2.0.0"
      which "^2.0.1"
  
  csstype@^3.0.2:
    version "3.1.3"
    resolved "https://registry.npmjs.org/csstype/-/csstype-3.1.3.tgz"
    integrity sha512-M1uQkMl8rQK/szD0LNhtqxIPLpimGm8sOBwU7lLnCpSbTyY3yeU1Vc7l4KT5zT4s/yOxHH5O7tIuuLOCnLADRw==
  
  debug@^4.1.0, debug@^4.3.1:
    version "4.3.7"
    resolved "https://registry.npmjs.org/debug/-/debug-4.3.7.tgz"
    integrity sha512-Er2nc/H7RrMXZBFCEim6TCmMk02Z8vLC2Rbi1KEBggpo0fS6l0S1nnapwmIi3yW/+GOJap1Krg4w0Hg80oCqgQ==
    dependencies:
      ms "^2.1.3"
  
  detect-gpu@^5.0.56:
    version "5.0.70"
    resolved "https://registry.npmjs.org/detect-gpu/-/detect-gpu-5.0.70.tgz"
    integrity sha512-bqerEP1Ese6nt3rFkwPnGbsUF9a4q+gMmpTVVOEzoCyeCc+y7/RvJnQZJx1JwhgQI5Ntg0Kgat8Uu7XpBqnz1w==
    dependencies:
      webgl-constants "^1.1.1"
  
  draco3d@^1.4.1:
    version "1.5.7"
    resolved "https://registry.npmjs.org/draco3d/-/draco3d-1.5.7.tgz"
    integrity sha512-m6WCKt/erDXcw+70IJXnG7M3awwQPAsZvJGX5zY7beBqpELw6RDGkYVU0W43AFxye4pDZ5i2Lbyc/NNGqwjUVQ==
  
  electron-to-chromium@^1.5.28:
    version "1.5.33"
    resolved "https://registry.npmjs.org/electron-to-chromium/-/electron-to-chromium-1.5.33.tgz"
    integrity sha512-+cYTcFB1QqD4j4LegwLfpCNxifb6dDFUAwk6RsLusCwIaZI6or2f+q8rs5tTB2YC53HhOlIbEaqHMAAC8IOIwA==
  
  esbuild@^0.25.0:
    version "0.25.5"
    resolved "https://registry.yarnpkg.com/esbuild/-/esbuild-0.25.5.tgz#71075054993fdfae76c66586f9b9c1f8d7edd430"
    integrity sha512-P8OtKZRv/5J5hhz0cUAdu/cLuPIKXpQl1R9pZtvmHWQvrAUVd0UNIPT4IB4W3rNOqVO0rlqHmCIbSwxh/c9yUQ==
  
  escalade@^3.2.0:
    version "3.2.0"
    resolved "https://registry.npmjs.org/escalade/-/escalade-3.2.0.tgz"
    integrity sha512-WUj2qlxaQtO4g6Pq5c29GTcWGDyd8itL8zTlipgECz3JesAiiOKotd8JU6otB3PACgG6xkJUyVhboMS+bje/jA==
  
  fdir@^6.4.4:
    version "6.4.5"
    resolved "https://registry.yarnpkg.com/fdir/-/fdir-6.4.5.tgz#328e280f3a23699362f95f2e82acf978a0c0cb49"
    integrity sha512-4BG7puHpVsIYxZUbiUE3RqGloLaSSwzYie5jvasC4LWuBWzZawynvYouhjbQKw2JuIGYdm0DzIxl8iVidKlUEw==
  
  fflate@^0.6.9:
    version "0.6.10"
    resolved "https://registry.npmjs.org/fflate/-/fflate-0.6.10.tgz"
    integrity sha512-IQrh3lEPM93wVCEczc9SaAOvkmcoQn/G8Bo1e8ZPlY3X3bnAxWaBdvTdvM1hP62iZp0BXWDy4vTAy4fF0+Dlpg==
  
  fflate@~0.8.2:
    version "0.8.2"
    resolved "https://registry.npmjs.org/fflate/-/fflate-0.8.2.tgz"
    integrity sha512-cPJU47OaAoCbg0pBvzsgpTPhmhqI5eJjh/JIu8tPj5q+T7iLvW/JAYUqmE7KOB4R1ZyEhzBaIQpQpardBF5z8A==
  
  framer-motion@^12.16.0:
    version "12.16.0"
    resolved "https://registry.yarnpkg.com/framer-motion/-/framer-motion-12.16.0.tgz#d715b81b1b41ba61ce842e7085390e1533ec3814"
    integrity sha512-xryrmD4jSBQrS2IkMdcTmiS4aSKckbS7kLDCuhUn9110SQKG1w3zlq1RTqCblewg+ZYe+m3sdtzQA6cRwo5g8Q==
    dependencies:
      motion-dom "^12.16.0"
      motion-utils "^12.12.1"
      tslib "^2.4.0"
  
  fsevents@~2.3.2, fsevents@~2.3.3:
    version "2.3.3"
    resolved "https://registry.yarnpkg.com/fsevents/-/fsevents-2.3.3.tgz#cac6407785d03675a2a5e1a5305c697b347d90d6"
    integrity sha512-5xoDfX+fL7faATnagmWPpbFtwh/R77WmMMqqHGS65C3vvB0YHrgF+B1YmZ3441tMj5n63k0212XNoJwzlhffQw==
  
  gensync@^1.0.0-beta.2:
    version "1.0.0-beta.2"
    resolved "https://registry.npmjs.org/gensync/-/gensync-1.0.0-beta.2.tgz"
    integrity sha512-3hN7NaskYvMDLQY55gnW3NQ+mesEAepTqlg+VEbj7zzqEMBVNhzcGYYeqFo/TlYz6eQiFcp1HcsCZO+nGgS8zg==
  
  globals@^11.1.0:
    version "11.12.0"
    resolved "https://registry.npmjs.org/globals/-/globals-11.12.0.tgz"
    integrity sha512-WOBp/EEGUiIsJSp7wcv/y6MO+lV9UoncWqxuFfm8eBwzWNgyfBd6Gz+IeKQ9jCmyhoH99g15M3T+QaVHFjizVA==
  
  glsl-noise@^0.0.0:
    version "0.0.0"
    resolved "https://registry.npmjs.org/glsl-noise/-/glsl-noise-0.0.0.tgz"
    integrity sha512-b/ZCF6amfAUb7dJM/MxRs7AetQEahYzJ8PtgfrmEdtw6uyGOr+ZSGtgjFm6mfsBkxJ4d2W7kg+Nlqzqvn3Bc0w==
  
  hls.js@^1.5.17:
    version "1.6.5"
    resolved "https://registry.npmjs.org/hls.js/-/hls.js-1.6.5.tgz"
    integrity sha512-KMn5n7JBK+olC342740hDPHnGWfE8FiHtGMOdJPfUjRdARTWj9OB+8c13fnsf9sk1VtpuU2fKSgUjHvg4rNbzQ==
  
  ieee754@^1.2.1:
    version "1.2.1"
    resolved "https://registry.npmjs.org/ieee754/-/ieee754-1.2.1.tgz"
    integrity sha512-dcyqhDvX1C46lXZcVqCpK+FtMRQVdIMN6/Df5js2zouUsqG7I6sFxitIC+7KYK29KdXOLHdu9zL4sFnoVQnqaA==
  
  immediate@~3.0.5:
    version "3.0.6"
    resolved "https://registry.npmjs.org/immediate/-/immediate-3.0.6.tgz"
    integrity sha512-XXOFtyqDjNDAQxVfYxuF7g9Il/IbWmmlQg2MYKOH8ExIT1qg6xc4zyS3HaEEATgs1btfzxq15ciUiY7gjSXRGQ==
  
  is-promise@^2.1.0:
    version "2.2.2"
    resolved "https://registry.npmjs.org/is-promise/-/is-promise-2.2.2.tgz"
    integrity sha512-+lP4/6lKUBfQjZ2pdxThZvLUAafmZb8OAxFb8XXtiQmS35INgr85hdOGoEs124ez1FCnZJt6jau/T+alh58QFQ==
  
  isexe@^2.0.0:
    version "2.0.0"
    resolved "https://registry.npmjs.org/isexe/-/isexe-2.0.0.tgz"
    integrity sha512-RHxMLp9lnKHGHRng9QFhRCMbYAcVpn69smSGcq3f36xjgVVWThj4qqLbTLlq7Ssj8B+fIQ1EuCEGI2lKsyQeIw==
  
  its-fine@^2.0.0:
    version "2.0.0"
    resolved "https://registry.npmjs.org/its-fine/-/its-fine-2.0.0.tgz"
    integrity sha512-KLViCmWx94zOvpLwSlsx6yOCeMhZYaxrJV87Po5k/FoZzcPSahvK5qJ7fYhS61sZi5ikmh2S3Hz55A2l3U69ng==
    dependencies:
      "@types/react-reconciler" "^0.28.9"
  
  js-tokens@^4.0.0:
    version "4.0.0"
    resolved "https://registry.npmjs.org/js-tokens/-/js-tokens-4.0.0.tgz"
    integrity sha512-RdJUflcE3cUzKiMqQgsCu06FPu9UdIJO0beYbPhHN4k6apgJtifcoCtT9bcxOpYBtpD2kCM6Sbzg4CausW/PKQ==
  
  jsesc@^3.0.2:
    version "3.1.0"
    resolved "https://registry.npmjs.org/jsesc/-/jsesc-3.1.0.tgz"
    integrity sha512-/sM3dO2FOzXjKQhJuo0Q173wf2KOo8t4I8vHy6lF9poUp7bKT0/NHE8fPX23PwfhnykfqnC2xRxOnVw5XuGIaA==
  
  json5@^2.2.3:
    version "2.2.3"
    resolved "https://registry.npmjs.org/json5/-/json5-2.2.3.tgz"
    integrity sha512-XmOWe7eyHYH14cLdVPoyg+GOH3rYX++KpzrylJwSW98t3Nk+U8XOl8FWKOgwtzdb8lXGf6zYwDUzeHMWfxasyg==
  
  lie@^3.0.2:
    version "3.3.0"
    resolved "https://registry.npmjs.org/lie/-/lie-3.3.0.tgz"
    integrity sha512-UaiMJzeWRlEujzAuw5LokY1L5ecNQYZKfmyZ9L7wDHb/p5etKaxXhohBcrw0EYby+G/NA52vRSN4N39dxHAIwQ==
    dependencies:
      immediate "~3.0.5"
  
  lru-cache@^5.1.1:
    version "5.1.1"
    resolved "https://registry.npmjs.org/lru-cache/-/lru-cache-5.1.1.tgz"
    integrity sha512-KpNARQA3Iwv+jTA0utUVVbrh+Jlrr1Fv0e56GGzAFOXN7dk/FviaDW8LHmK52DlcH4WP2n6gI8vN1aesBFgo9w==
    dependencies:
      yallist "^3.0.2"
  
  maath@^0.10.8:
    version "0.10.8"
    resolved "https://registry.npmjs.org/maath/-/maath-0.10.8.tgz"
    integrity sha512-tRvbDF0Pgqz+9XUa4jjfgAQ8/aPKmQdWXilFu2tMy4GWj4NOsx99HlULO4IeREfbO3a0sA145DZYyvXPkybm0g==
  
  maath@^0.6.0:
    version "0.6.0"
    resolved "https://registry.npmjs.org/maath/-/maath-0.6.0.tgz"
    integrity sha512-dSb2xQuP7vDnaYqfoKzlApeRcR2xtN8/f7WV/TMAkBC8552TwTLtOO0JTcSygkYMjNDPoo6V01jTw/aPi4JrMw==
  
  meshline@^3.3.1:
    version "3.3.1"
    resolved "https://registry.npmjs.org/meshline/-/meshline-3.3.1.tgz"
    integrity sha512-/TQj+JdZkeSUOl5Mk2J7eLcYTLiQm2IDzmlSvYm7ov15anEcDJ92GHqqazxTSreeNgfnYu24kiEvvv0WlbCdFQ==
  
  meshoptimizer@~0.18.1:
    version "0.18.1"
    resolved "https://registry.npmjs.org/meshoptimizer/-/meshoptimizer-0.18.1.tgz"
    integrity sha512-ZhoIoL7TNV4s5B6+rx5mC//fw8/POGyNxS/DZyCJeiZ12ScLfVwRE/GfsxwiTkMYYD5DmK2/JXnEVXqL4rF+Sw==
  
  motion-dom@^12.16.0:
    version "12.16.0"
    resolved "https://registry.yarnpkg.com/motion-dom/-/motion-dom-12.16.0.tgz#ccf88d45db04214f32d455e12621f5213968bfd5"
    integrity sha512-Z2nGwWrrdH4egLEtgYMCEN4V2qQt1qxlKy/uV7w691ztyA41Q5Rbn0KNGbsNVDZr9E8PD2IOQ3hSccRnB6xWzw==
    dependencies:
      motion-utils "^12.12.1"
  
  motion-utils@^12.12.1:
    version "12.12.1"
    resolved "https://registry.yarnpkg.com/motion-utils/-/motion-utils-12.12.1.tgz#63e28751325cb9d1cd684f3c273a570022b0010e"
    integrity sha512-f9qiqUHm7hWSLlNW8gS9pisnsN7CRFRD58vNjptKdsqFLpkVnX00TNeD6Q0d27V9KzT7ySFyK1TZ/DShfVOv6w==
  
  ms@^2.1.3:
    version "2.1.3"
    resolved "https://registry.npmjs.org/ms/-/ms-2.1.3.tgz"
    integrity sha512-6FlzubTLZG3J2a/NVCAleEhjzq5oxgHyaCU9yYXvcLsvoVaHJq/s5xXI6/XXP6tz7R9xAOtHnSO/tXtF3WRTlA==
  
  n8ao@^1.9.4:
    version "1.10.0"
    resolved "https://registry.npmjs.org/n8ao/-/n8ao-1.10.0.tgz"
    integrity sha512-zWdSfXkCUz6E7LM/Occ0JRWcp0HFlS03EUZ/LrqS8WwWFK74V4h7uzwRPugkdaBsJnclab+CJnWzNnlh7ozWVQ==
  
  nanoid@^3.3.11:
    version "3.3.11"
    resolved "https://registry.yarnpkg.com/nanoid/-/nanoid-3.3.11.tgz#4f4f112cefbe303202f2199838128936266d185b"
    integrity sha512-N8SpfPUnUp1bK+PMYW8qSWdl9U+wwNWI4QKxOYDy9JAro3WMX7p2OeVRF9v+347pnakNevPmiHhNmZ2HbFA76w==
  
  node-releases@^2.0.18:
    version "2.0.18"
    resolved "https://registry.npmjs.org/node-releases/-/node-releases-2.0.18.tgz"
    integrity sha512-d9VeXT4SJ7ZeOqGX6R5EM022wpL+eWPooLI+5UpWn2jCT1aosUQEhQP214x33Wkwx3JQMvIm+tIoVOdodFS40g==
  
  path-key@^3.1.0:
    version "3.1.1"
    resolved "https://registry.npmjs.org/path-key/-/path-key-3.1.1.tgz"
    integrity sha512-ojmeN0qd+y0jszEtoY48r0Peq5dwMEkIlCOu6Q5f41lfkswXuKtYrhgoTpLnyIcHm24Uhqx+5Tqm2InSwLhE6Q==
  
  picocolors@^1.1.0, picocolors@^1.1.1:
    version "1.1.1"
    resolved "https://registry.npmjs.org/picocolors/-/picocolors-1.1.1.tgz"
    integrity sha512-xceH2snhtb5M9liqDsmEw56le376mTZkEX/jEb/RxNFyegNul7eNslCXP9FDj/Lcu0X8KEyMceP2ntpaHrDEVA==
  
  picomatch@^4.0.2:
    version "4.0.2"
    resolved "https://registry.yarnpkg.com/picomatch/-/picomatch-4.0.2.tgz#77c742931e8f3b8820946c76cd0c1f13730d1dab"
    integrity sha512-M7BAV6Rlcy5u+m6oPhAPFgJTzAioX/6B0DxyvDlo9l8+T3nLKbrczg2WLUyzd45L8RqfUMyGPzekbMvX2Ldkwg==
  
  postcss@^8.5.3:
    version "8.5.4"
    resolved "https://registry.yarnpkg.com/postcss/-/postcss-8.5.4.tgz#d61014ac00e11d5f58458ed7247d899bd65f99c0"
    integrity sha512-QSa9EBe+uwlGTFmHsPKokv3B/oEMQZxfqW0QqNCyhpa6mB1afzulwn8hihglqAb2pOw+BJgNlmXQ8la2VeHB7w==
    dependencies:
      nanoid "^3.3.11"
      picocolors "^1.1.1"
      source-map-js "^1.2.1"
  
  postprocessing@^6.36.6:
    version "6.37.3"
    resolved "https://registry.npmjs.org/postprocessing/-/postprocessing-6.37.3.tgz"
    integrity sha512-2FzfZg41Ml/ddvSalLdCz7H53Wmr/ZvK238fauTG1CI97+65BDgo1dNH6AKhAWc5q9ngpyG5EYiXVbNCl2t1iA==
  
  potpack@^1.0.1:
    version "1.0.2"
    resolved "https://registry.npmjs.org/potpack/-/potpack-1.0.2.tgz"
    integrity sha512-choctRBIV9EMT9WGAZHn3V7t0Z2pMQyl0EZE6pFc/6ml3ssw7Dlf/oAOvFwjm1HVsqfQN8GfeFyJ+d8tRzqueQ==
  
  promise-worker-transferable@^1.0.4:
    version "1.0.4"
    resolved "https://registry.npmjs.org/promise-worker-transferable/-/promise-worker-transferable-1.0.4.tgz"
    integrity sha512-bN+0ehEnrXfxV2ZQvU2PetO0n4gqBD4ulq3MI1WOPLgr7/Mg9yRQkX5+0v1vagr74ZTsl7XtzlaYDo2EuCeYJw==
    dependencies:
      is-promise "^2.1.0"
      lie "^3.0.2"
  
  react-dom@^19.1.0:
    version "19.1.0"
    resolved "https://registry.yarnpkg.com/react-dom/-/react-dom-19.1.0.tgz#133558deca37fa1d682708df8904b25186793623"
    integrity sha512-Xs1hdnE+DyKgeHJeJznQmYMIBG3TKIHJJT95Q58nHLSrElKlGQqDTR2HQ9fx5CN/Gk6Vh/kupBTDLU11/nDk/g==
    dependencies:
      scheduler "^0.26.0"
  
  react-reconciler@^0.31.0:
    version "0.31.0"
    resolved "https://registry.npmjs.org/react-reconciler/-/react-reconciler-0.31.0.tgz"
    integrity sha512-7Ob7Z+URmesIsIVRjnLoDGwBEG/tVitidU0nMsqX/eeJaLY89RISO/10ERe0MqmzuKUUB1rmY+h1itMbUHg9BQ==
    dependencies:
      scheduler "^0.25.0"
  
  react-refresh@^0.17.0:
    version "0.17.0"
    resolved "https://registry.npmjs.org/react-refresh/-/react-refresh-0.17.0.tgz"
    integrity sha512-z6F7K9bV85EfseRCp2bzrpyQ0Gkw1uLoCel9XBVWPg/TjRj94SkJzUTGfOa4bs7iJvBWtQG0Wq7wnI0syw3EBQ==
  
  react-use-measure@^2.1.7:
    version "2.1.7"
    resolved "https://registry.npmjs.org/react-use-measure/-/react-use-measure-2.1.7.tgz"
    integrity sha512-KrvcAo13I/60HpwGO5jpW7E9DfusKyLPLvuHlUyP5zqnmAPhNc6qTRjUQrdTADl0lpPpDVU2/Gg51UlOGHXbdg==
  
  react@^19.1.0:
    version "19.1.0"
    resolved "https://registry.yarnpkg.com/react/-/react-19.1.0.tgz#926864b6c48da7627f004795d6cce50e90793b75"
    integrity sha512-FS+XFBNvn3GTAWq26joslQgWNoFu08F4kl0J4CgdNKADkdSGXQyTCnKteIAJy96Br6YbpEU1LSzV5dYtjMkMDg==
  
  require-from-string@^2.0.2:
    version "2.0.2"
    resolved "https://registry.npmjs.org/require-from-string/-/require-from-string-2.0.2.tgz"
    integrity sha512-Xf0nWe6RseziFMu+Ap9biiUbmplq6S9/p+7w7YXP/JBHhrUDDUhwa+vANyubuqfZWTveU//DYVGsDG7RKL/vEw==
  
  rollup@^4.34.9:
    version "4.41.1"
    resolved "https://registry.yarnpkg.com/rollup/-/rollup-4.41.1.tgz#46ddc1b33cf1b0baa99320d3b0b4973dc2253b6a"
    integrity sha512-cPmwD3FnFv8rKMBc1MxWCwVQFxwf1JEmSX3iQXrRVVG15zerAIXRjMFVWnd5Q5QvgKF7Aj+5ykXFhUl+QGnyOw==
    dependencies:
      "@types/estree" "1.0.7"
    optionalDependencies:
      fsevents "~2.3.2"
  
  scheduler@^0.25.0:
    version "0.25.0"
    resolved "https://registry.npmjs.org/scheduler/-/scheduler-0.25.0.tgz"
    integrity sha512-xFVuu11jh+xcO7JOAGJNOXld8/TcEHK/4CituBUeUb5hqxJLj9YuemAEuvm9gQ/+pgXYfbQuqAkiYu+u7YEsNA==
  
  scheduler@^0.26.0:
    version "0.26.0"
    resolved "https://registry.yarnpkg.com/scheduler/-/scheduler-0.26.0.tgz#4ce8a8c2a2095f13ea11bf9a445be50c555d6337"
    integrity sha512-NlHwttCI/l5gCPR3D1nNXtWABUmBwvZpEQiD4IXSbIDq8BzLIK/7Ir5gTFSGZDUu37K5cMNp0hFtzO38sC7gWA==
  
  semver@^6.3.1:
    version "6.3.1"
    resolved "https://registry.npmjs.org/semver/-/semver-6.3.1.tgz"
    integrity sha512-BR7VvDCVHO+q2xBEWskxS6DJE1qRnb7DxzUrogb71CWoSficBxYsiAGd+Kl0mmq/MprG9yArRkyrQxTO6XjMzA==
  
  shebang-command@^2.0.0:
    version "2.0.0"
    resolved "https://registry.npmjs.org/shebang-command/-/shebang-command-2.0.0.tgz"
    integrity sha512-kHxr2zZpYtdmrN1qDjrrX/Z1rR1kG8Dx+gkpK1G4eXmvXswmcE1hTWBWYUzlraYw1/yZp6YuDY77YtvbN0dmDA==
    dependencies:
      shebang-regex "^3.0.0"
  
  shebang-regex@^3.0.0:
    version "3.0.0"
    resolved "https://registry.npmjs.org/shebang-regex/-/shebang-regex-3.0.0.tgz"
    integrity sha512-7++dFhtcx3353uBaq8DDR4NuxBetBzC7ZQOhmTQInHEd6bSrXdiEyzCvG07Z44UYdLShWUyXt5M/yhz8ekcb1A==
  
  source-map-js@^1.2.1:
    version "1.2.1"
    resolved "https://registry.yarnpkg.com/source-map-js/-/source-map-js-1.2.1.tgz#1ce5650fddd87abc099eda37dcff024c2667ae46"
    integrity sha512-UXWMKhLOwVKb728IUtQPXxfYU+usdybtUrK/8uGE8CQMvrhOpwvzDBwj0QhSL7MQc7vIsISBG8VQ8+IDQxpfQA==
  
  stats-gl@^2.2.8:
    version "2.4.2"
    resolved "https://registry.npmjs.org/stats-gl/-/stats-gl-2.4.2.tgz"
    integrity sha512-g5O9B0hm9CvnM36+v7SFl39T7hmAlv541tU81ME8YeSb3i1CIP5/QdDeSB3A0la0bKNHpxpwxOVRo2wFTYEosQ==
    dependencies:
      "@types/three" "*"
      three "^0.170.0"
  
  stats.js@^0.17.0:
    version "0.17.0"
    resolved "https://registry.npmjs.org/stats.js/-/stats.js-0.17.0.tgz"
    integrity sha512-hNKz8phvYLPEcRkeG1rsGmV5ChMjKDAWU7/OJJdDErPBNChQXxCo3WZurGpnWc6gZhAzEPFad1aVgyOANH1sMw==
  
  suspend-react@^0.1.3:
    version "0.1.3"
    resolved "https://registry.npmjs.org/suspend-react/-/suspend-react-0.1.3.tgz"
    integrity sha512-aqldKgX9aZqpoDp3e8/BZ8Dm7x1pJl+qI3ZKxDN0i/IQTWUwBx/ManmlVJ3wowqbno6c2bmiIfs+Um6LbsjJyQ==
  
  three-mesh-bvh@^0.8.3:
    version "0.8.3"
    resolved "https://registry.npmjs.org/three-mesh-bvh/-/three-mesh-bvh-0.8.3.tgz"
    integrity sha512-4G5lBaF+g2auKX3P0yqx+MJC6oVt6sB5k+CchS6Ob0qvH0YIhuUk1eYr7ktsIpY+albCqE80/FVQGV190PmiAg==
  
  three-stdlib@^2.35.6:
    version "2.36.0"
    resolved "https://registry.npmjs.org/three-stdlib/-/three-stdlib-2.36.0.tgz"
    integrity sha512-kv0Byb++AXztEGsULgMAs8U2jgUdz6HPpAB/wDJnLiLlaWQX2APHhiTJIN7rqW+Of0eRgcp7jn05U1BsCP3xBA==
    dependencies:
      "@types/draco3d" "^1.4.0"
      "@types/offscreencanvas" "^2019.6.4"
      "@types/webxr" "^0.5.2"
      draco3d "^1.4.1"
      fflate "^0.6.9"
      potpack "^1.0.1"
  
  three@^0.170.0:
    version "0.170.0"
    resolved "https://registry.npmjs.org/three/-/three-0.170.0.tgz"
    integrity sha512-FQK+LEpYc0fBD+J8g6oSEyyNzjp+Q7Ks1C568WWaoMRLW+TkNNWmenWeGgJjV105Gd+p/2ql1ZcjYvNiPZBhuQ==
  
  three@^0.177.0:
    version "0.177.0"
    resolved "https://registry.yarnpkg.com/three/-/three-0.177.0.tgz#e51f2eb2b921fbab535bdfa81c403f9993b9dd83"
    integrity sha512-EiXv5/qWAaGI+Vz2A+JfavwYCMdGjxVsrn3oBwllUoqYeaBO75J63ZfyaQKoiLrqNHoTlUc6PFgMXnS0kI45zg==
  
  tinyglobby@^0.2.13:
    version "0.2.14"
    resolved "https://registry.yarnpkg.com/tinyglobby/-/tinyglobby-0.2.14.tgz#5280b0cf3f972b050e74ae88406c0a6a58f4079d"
    integrity sha512-tX5e7OM1HnYr2+a2C/4V0htOcSQcoSTH9KgJnVvNm5zm/cyEWKJ7j7YutsH9CxMdtOkkLFy2AHrMci9IM8IPZQ==
    dependencies:
      fdir "^6.4.4"
      picomatch "^4.0.2"
  
  troika-three-text@^0.52.4:
    version "0.52.4"
    resolved "https://registry.yarnpkg.com/troika-three-text/-/troika-three-text-0.52.4.tgz#f7b2389a2067d9506a5757457771cf4f6356e738"
    integrity sha512-V50EwcYGruV5rUZ9F4aNsrytGdKcXKALjEtQXIOBfhVoZU9VAqZNIoGQ3TMiooVqFAbR1w15T+f+8gkzoFzawg==
    dependencies:
      bidi-js "^1.0.2"
      troika-three-utils "^0.52.4"
      troika-worker-utils "^0.52.0"
      webgl-sdf-generator "1.1.1"
  
  troika-three-utils@^0.52.4:
    version "0.52.4"
    resolved "https://registry.npmjs.org/troika-three-utils/-/troika-three-utils-0.52.4.tgz"
    integrity sha512-NORAStSVa/BDiG52Mfudk4j1FG4jC4ILutB3foPnfGbOeIs9+G5vZLa0pnmnaftZUGm4UwSoqEpWdqvC7zms3A==
  
  troika-worker-utils@^0.52.0:
    version "0.52.0"
    resolved "https://registry.npmjs.org/troika-worker-utils/-/troika-worker-utils-0.52.0.tgz"
    integrity sha512-W1CpvTHykaPH5brv5VHLfQo9D1OYuo0cSBEUQFFT/nBUzM8iD6Lq2/tgG/f1OelbAS1WtaTPQzE5uM49egnngw==
  
  tslib@^2.4.0:
    version "2.8.1"
    resolved "https://registry.npmjs.org/tslib/-/tslib-2.8.1.tgz"
    integrity sha512-oJFu94HQb+KVduSUQL7wnpmqnfmLsOA/nAh6b6EH0wCEoK0/mPeXU6c3wKDV83MkOuHPRHtSXKKU99IBazS/2w==
  
  tunnel-rat@^0.1.2:
    version "0.1.2"
    resolved "https://registry.npmjs.org/tunnel-rat/-/tunnel-rat-0.1.2.tgz"
    integrity sha512-lR5VHmkPhzdhrM092lI2nACsLO4QubF0/yoOhzX7c+wIpbN1GjHNzCc91QlpxBi+cnx8vVJ+Ur6vL5cEoQPFpQ==
    dependencies:
      zustand "^4.3.2"
  
  typescript@^5.8.3:
    version "5.8.3"
    resolved "https://registry.yarnpkg.com/typescript/-/typescript-5.8.3.tgz#92f8a3e5e3cf497356f4178c34cd65a7f5e8440e"
    integrity sha512-p1diW6TqL9L07nNxvRMM7hMMw4c5XOo/1ibL4aAIGmSAt9slTE1Xgw5KWuof2uTOvCg9BY7ZRi+GaF+7sfgPeQ==
  
  update-browserslist-db@^1.1.0:
    version "1.1.1"
    resolved "https://registry.npmjs.org/update-browserslist-db/-/update-browserslist-db-1.1.1.tgz"
    integrity sha512-R8UzCaa9Az+38REPiJ1tXlImTJXlVfgHZsglwBD/k6nj76ctsH1E3q4doGrukiLQd3sGQYu56r5+lo5r94l29A==
    dependencies:
      escalade "^3.2.0"
      picocolors "^1.1.0"
  
  use-sync-external-store@^1.2.2, use-sync-external-store@^1.4.0:
    version "1.5.0"
    resolved "https://registry.npmjs.org/use-sync-external-store/-/use-sync-external-store-1.5.0.tgz"
    integrity sha512-Rb46I4cGGVBmjamjphe8L/UnvJD+uPPtTkNvX5mZgqdbavhI4EbgIWJiIHXJ8bc/i9EQGPRh4DwEURJ552Do0A==
  
  utility-types@^3.11.0:
    version "3.11.0"
    resolved "https://registry.npmjs.org/utility-types/-/utility-types-3.11.0.tgz"
    integrity sha512-6Z7Ma2aVEWisaL6TvBCy7P8rm2LQoPv6dJ7ecIaIixHcwfbJ0x7mWdbcwlIM5IGQxPZSFYeqRCqlOOeKoJYMkw==
  
  vite@^6.3.5:
    version "6.3.5"
    resolved "https://registry.yarnpkg.com/vite/-/vite-6.3.5.tgz#fec73879013c9c0128c8d284504c6d19410d12a3"
    integrity sha512-cZn6NDFE7wdTpINgs++ZJ4N49W2vRp8LCKrn3Ob1kYNtOo21vfDoaV5GzBfLU4MovSAB8uNRm4jgzVQZ+mBzPQ==
    dependencies:
      esbuild "^0.25.0"
      fdir "^6.4.4"
      picomatch "^4.0.2"
      postcss "^8.5.3"
      rollup "^4.34.9"
      tinyglobby "^0.2.13"
    optionalDependencies:
      fsevents "~2.3.3"
  
  webgl-constants@^1.1.1:
    version "1.1.1"
    resolved "https://registry.npmjs.org/webgl-constants/-/webgl-constants-1.1.1.tgz"
    integrity sha512-LkBXKjU5r9vAW7Gcu3T5u+5cvSvh5WwINdr0C+9jpzVB41cjQAP5ePArDtk/WHYdVj0GefCgM73BA7FlIiNtdg==
  
  webgl-sdf-generator@1.1.1:
    version "1.1.1"
    resolved "https://registry.npmjs.org/webgl-sdf-generator/-/webgl-sdf-generator-1.1.1.tgz"
    integrity sha512-9Z0JcMTFxeE+b2x1LJTdnaT8rT8aEp7MVxkNwoycNmJWwPdzoXzMh0BjJSh/AEFP+KPYZUli814h8bJZFIZ2jA==
  
  which@^2.0.1:
    version "2.0.2"
    resolved "https://registry.npmjs.org/which/-/which-2.0.2.tgz"
    integrity sha512-BLI3Tl1TW3Pvl70l3yq3Y64i+awpwXqsGBYWkkqMtnbXgrMD+yj7rhW0kuEDxzJaYXGjEW5ogapKNMEKNMjibA==
    dependencies:
      isexe "^2.0.0"
  
  yallist@^3.0.2:
    version "3.1.1"
    resolved "https://registry.npmjs.org/yallist/-/yallist-3.1.1.tgz"
    integrity sha512-a4UGQaWPH59mOXUYnAG2ewncQS4i4F43Tv3JoAM+s2VDAmS9NsK8GpDMLrCHPksFT7h3K6TOoUNn2pb7RoXx4g==
  
  zustand@^4.3.2:
    version "4.5.7"
    resolved "https://registry.npmjs.org/zustand/-/zustand-4.5.7.tgz"
    integrity sha512-CHOUy7mu3lbD6o6LJLfllpjkzhHXSBlX8B9+qPddUsIfeF5S/UZ5q0kmCsnRqT1UHFQZchNFDDzMbQsuesHWlw==
    dependencies:
      use-sync-external-store "^1.2.2"
  
  zustand@^5.0.1, zustand@^5.0.3:
    version "5.0.5"
    resolved "https://registry.npmjs.org/zustand/-/zustand-5.0.5.tgz"
    integrity sha512-mILtRfKW9xM47hqxGIxCv12gXusoY/xTSHBYApXozR0HmQv299whhBeeAcRy+KrPPybzosvJBCOmVjq6x12fCg==
